# JRE version: OpenJDK Runtime Environment (21.0.3) (build 21.0.3+-12282718-b509.11)
# Java VM: OpenJDK 64-Bit Server VM (21.0.3+-12282718-b509.11, mixed mode, tiered, compressed oops, compressed class ptrs, g1 gc, windows-amd64)
GC Precious Log:
 CardTable entry size: 512
 Card Set container configuration: InlinePtr #cards 5 size 8 Array Of Cards #cards 12 size 40 Howl #buckets 4 coarsen threshold 1843 Howl Bitmap #cards 512 size 80 coarsen threshold 460 Card regions per heap region 1 cards per card region 2048
 CPUs: 8 total, 8 available
 Memory: 7987M
 Large Page Support: Disabled
 NUMA Support: Disabled
 Compressed Oops: Enabled (32-bit)
 Heap Region Size: 1M
 Heap Min Capacity: 8M
 Heap Initial Capacity: 126M
 Heap Max Capacity: 1998M
 Pre-touch: Disabled
 Parallel Workers: 8
 Concurrent Workers: 2
 Concurrent Refinement Workers: 8
 Periodic GC: Disabled
Heap:
 garbage-first heap   total 132096K, used 84477K [0x0000000083200000, 0x0000000100000000)
  region size 1024K, 23 young (23552K), 8 survivors (8192K)
 Metaspace       used 73109K, committed 73472K, reserved 1179648K
  class space    used 8051K, committed 8256K, reserved 1048576K
GC Heap History (20 events):
Event: 2.258 GC heap before
{Heap before GC invocations=10 (full 0):
 garbage-first heap   total 65536K, used 54636K [0x0000000083200000, 0x0000000100000000)
  region size 1024K, 31 young (31744K), 3 survivors (3072K)
 Metaspace       used 48284K, committed 48576K, reserved 1114112K
  class space    used 5567K, committed 5696K, reserved 1048576K
}
Event: 2.268 GC heap after
{Heap after GC invocations=11 (full 0):
 garbage-first heap   total 65536K, used 30110K [0x0000000083200000, 0x0000000100000000)
  region size 1024K, 4 young (4096K), 4 survivors (4096K)
 Metaspace       used 48284K, committed 48576K, reserved 1114112K
  class space    used 5567K, committed 5696K, reserved 1048576K
}
Event: 2.351 GC heap before
{Heap before GC invocations=11 (full 0):
 garbage-first heap   total 65536K, used 56734K [0x0000000083200000, 0x0000000100000000)
  region size 1024K, 29 young (29696K), 4 survivors (4096K)
 Metaspace       used 48475K, committed 48768K, reserved 1114112K
  class space    used 5577K, committed 5696K, reserved 1048576K
}
Event: 2.363 GC heap after
{Heap after GC invocations=12 (full 0):
 garbage-first heap   total 70656K, used 40839K [0x0000000083200000, 0x0000000100000000)
  region size 1024K, 4 young (4096K), 4 survivors (4096K)
 Metaspace       used 48475K, committed 48768K, reserved 1114112K
  class space    used 5577K, committed 5696K, reserved 1048576K
}
Event: 2.608 GC heap before
{Heap before GC invocations=12 (full 0):
 garbage-first heap   total 70656K, used 58247K [0x0000000083200000, 0x0000000100000000)
  region size 1024K, 22 young (22528K), 4 survivors (4096K)
 Metaspace       used 51535K, committed 51776K, reserved 1114112K
  class space    used 5896K, committed 6016K, reserved 1048576K
}
Event: 2.614 GC heap after
{Heap after GC invocations=13 (full 0):
 garbage-first heap   total 109568K, used 44423K [0x0000000083200000, 0x0000000100000000)
  region size 1024K, 3 young (3072K), 3 survivors (3072K)
 Metaspace       used 51535K, committed 51776K, reserved 1114112K
  class space    used 5896K, committed 6016K, reserved 1048576K
}
Event: 3.487 GC heap before
{Heap before GC invocations=14 (full 0):
 garbage-first heap   total 109568K, used 84359K [0x0000000083200000, 0x0000000100000000)
  region size 1024K, 42 young (43008K), 3 survivors (3072K)
 Metaspace       used 54373K, committed 54720K, reserved 1114112K
  class space    used 6163K, committed 6336K, reserved 1048576K
}
Event: 3.496 GC heap after
{Heap after GC invocations=15 (full 0):
 garbage-first heap   total 109568K, used 48907K [0x0000000083200000, 0x0000000100000000)
  region size 1024K, 6 young (6144K), 6 survivors (6144K)
 Metaspace       used 54373K, committed 54720K, reserved 1114112K
  class space    used 6163K, committed 6336K, reserved 1048576K
}
Event: 4.120 GC heap before
{Heap before GC invocations=15 (full 0):
 garbage-first heap   total 109568K, used 87819K [0x0000000083200000, 0x0000000100000000)
  region size 1024K, 44 young (45056K), 6 survivors (6144K)
 Metaspace       used 61391K, committed 61632K, reserved 1114112K
  class space    used 7060K, committed 7168K, reserved 1048576K
}
Event: 4.132 GC heap after
{Heap after GC invocations=16 (full 0):
 garbage-first heap   total 109568K, used 53008K [0x0000000083200000, 0x0000000100000000)
  region size 1024K, 5 young (5120K), 5 survivors (5120K)
 Metaspace       used 61391K, committed 61632K, reserved 1114112K
  class space    used 7060K, committed 7168K, reserved 1048576K
}
Event: 4.729 GC heap before
{Heap before GC invocations=16 (full 0):
 garbage-first heap   total 109568K, used 89872K [0x0000000083200000, 0x0000000100000000)
  region size 1024K, 41 young (41984K), 5 survivors (5120K)
 Metaspace       used 62108K, committed 62400K, reserved 1114112K
  class space    used 7109K, committed 7232K, reserved 1048576K
}
Event: 4.737 GC heap after
{Heap after GC invocations=17 (full 0):
 garbage-first heap   total 109568K, used 56034K [0x0000000083200000, 0x0000000100000000)
  region size 1024K, 3 young (3072K), 3 survivors (3072K)
 Metaspace       used 62108K, committed 62400K, reserved 1114112K
  class space    used 7109K, committed 7232K, reserved 1048576K
}
Event: 5.016 GC heap before
{Heap before GC invocations=17 (full 0):
 garbage-first heap   total 109568K, used 92898K [0x0000000083200000, 0x0000000100000000)
  region size 1024K, 39 young (39936K), 3 survivors (3072K)
 Metaspace       used 62236K, committed 62528K, reserved 1114112K
  class space    used 7109K, committed 7232K, reserved 1048576K
}
Event: 5.022 GC heap after
{Heap after GC invocations=18 (full 0):
 garbage-first heap   total 109568K, used 56631K [0x0000000083200000, 0x0000000100000000)
  region size 1024K, 1 young (1024K), 1 survivors (1024K)
 Metaspace       used 62236K, committed 62528K, reserved 1114112K
  class space    used 7109K, committed 7232K, reserved 1048576K
}
Event: 5.442 GC heap before
{Heap before GC invocations=19 (full 0):
 garbage-first heap   total 109568K, used 95543K [0x0000000083200000, 0x0000000100000000)
  region size 1024K, 39 young (39936K), 1 survivors (1024K)
 Metaspace       used 62450K, committed 62720K, reserved 1114112K
  class space    used 7124K, committed 7232K, reserved 1048576K
}
Event: 5.446 GC heap after
{Heap after GC invocations=20 (full 0):
 garbage-first heap   total 109568K, used 58908K [0x0000000083200000, 0x0000000100000000)
  region size 1024K, 3 young (3072K), 3 survivors (3072K)
 Metaspace       used 62450K, committed 62720K, reserved 1114112K
  class space    used 7124K, committed 7232K, reserved 1048576K
}
Event: 6.144 GC heap before
{Heap before GC invocations=20 (full 0):
 garbage-first heap   total 109568K, used 97820K [0x0000000083200000, 0x0000000100000000)
  region size 1024K, 41 young (41984K), 3 survivors (3072K)
 Metaspace       used 66034K, committed 66368K, reserved 1114112K
  class space    used 7439K, committed 7552K, reserved 1048576K
}
Event: 6.151 GC heap after
{Heap after GC invocations=21 (full 0):
 garbage-first heap   total 132096K, used 61470K [0x0000000083200000, 0x0000000100000000)
  region size 1024K, 6 young (6144K), 6 survivors (6144K)
 Metaspace       used 66034K, committed 66368K, reserved 1114112K
  class space    used 7439K, committed 7552K, reserved 1048576K
}
Event: 7.201 GC heap before
{Heap before GC invocations=21 (full 0):
 garbage-first heap   total 132096K, used 116766K [0x0000000083200000, 0x0000000100000000)
  region size 1024K, 60 young (61440K), 6 survivors (6144K)
 Metaspace       used 71737K, committed 72064K, reserved 1114112K
  class space    used 7950K, committed 8128K, reserved 1048576K
}
Event: 7.224 GC heap after
{Heap after GC invocations=22 (full 0):
 garbage-first heap   total 132096K, used 70141K [0x0000000083200000, 0x0000000100000000)
  region size 1024K, 8 young (8192K), 8 survivors (8192K)
 Metaspace       used 71737K, committed 72064K, reserved 1114112K
  class space    used 7950K, committed 8128K, reserved 1048576K
}

